<?xml version="1.0" encoding="UTF-8"?>
<!-- Generated by org.testng.reporters.JUnitReportReporter -->
<testsuite skipped="0" hostname="BHANU-LAPTOP" name="script.ValidLogin" tests="2" failures="0" timestamp="01 Aug 2021 10:19:48 GMT" time="20.109" errors="0">
  <testcase name="testValidLogin" time="10.390" classname="script.ValidLogin"/>
  <testcase name="testValidLogin" time="9.719" classname="script.ValidLogin"/>
</testsuite> <!-- script.ValidLogin -->
