<?xml version="1.0" encoding="UTF-8"?>
<!-- Generated by org.testng.reporters.JUnitReportReporter -->
<testsuite skipped="0" hostname="BHANU-LAPTOP" name="script.ValidLogin" tests="2" failures="0" timestamp="07 Aug 2021 12:27:29 GMT" time="19.281" errors="0">
  <testcase name="testValidLogin" time="9.110" classname="script.ValidLogin"/>
  <testcase name="testValidLogin" time="10.171" classname="script.ValidLogin"/>
</testsuite> <!-- script.ValidLogin -->
