<?xml version="1.0" encoding="UTF-8"?>
<!-- Generated by org.testng.reporters.JUnitReportReporter -->
<testsuite skipped="0" hostname="BHANU-LAPTOP" name="script.ValidLogin" tests="2" failures="0" timestamp="07 Aug 2021 12:47:06 GMT" time="23.230" errors="0">
  <testcase name="testValidLogin" time="10.473" classname="script.ValidLogin"/>
  <testcase name="testValidLogin" time="12.757" classname="script.ValidLogin"/>
</testsuite> <!-- script.ValidLogin -->
