<?xml version="1.0" encoding="UTF-8"?>
<!-- Generated by org.testng.reporters.JUnitReportReporter -->
<testsuite skipped="0" hostname="BHANU-LAPTOP" name="script.ValidLogin" tests="4" failures="0" timestamp="07 Aug 2021 13:40:30 GMT" time="40.474" errors="0">
  <testcase name="testValidLogin" time="10.859" classname="script.ValidLogin"/>
  <testcase name="testValidLogin" time="9.651" classname="script.ValidLogin"/>
  <testcase name="testValidLogin" time="8.339" classname="script.ValidLogin"/>
  <testcase name="testValidLogin" time="11.625" classname="script.ValidLogin"/>
</testsuite> <!-- script.ValidLogin -->
