<?xml version="1.0" encoding="UTF-8"?>
<!-- Generated by org.testng.reporters.JUnitReportReporter -->
<testsuite skipped="0" hostname="BHANU-LAPTOP" name="script.ValidLogin" tests="4" failures="0" timestamp="08 Aug 2021 01:46:24 GMT" time="41.406" errors="0">
  <testcase name="testValidLogin" time="8.068" classname="script.ValidLogin"/>
  <testcase name="testValidLogin" time="9.710" classname="script.ValidLogin"/>
  <testcase name="testValidLogin" time="11.863" classname="script.ValidLogin"/>
  <testcase name="testValidLogin" time="11.765" classname="script.ValidLogin"/>
</testsuite> <!-- script.ValidLogin -->
