<?xml version="1.0" encoding="UTF-8"?>
<!-- Generated by org.testng.reporters.JUnitReportReporter -->
<testsuite skipped="0" hostname="BHANU-LAPTOP" name="script.ValidLogin" tests="4" failures="0" timestamp="07 Aug 2021 13:34:16 GMT" time="39.007" errors="0">
  <testcase name="testValidLogin" time="8.501" classname="script.ValidLogin"/>
  <testcase name="testValidLogin" time="9.926" classname="script.ValidLogin"/>
  <testcase name="testValidLogin" time="10.097" classname="script.ValidLogin"/>
  <testcase name="testValidLogin" time="10.483" classname="script.ValidLogin"/>
</testsuite> <!-- script.ValidLogin -->
