<?xml version="1.0" encoding="UTF-8"?>
<!-- Generated by org.testng.reporters.JUnitReportReporter -->
<testsuite hostname="BHANU-LAPTOP" failures="0" tests="4" name="script.ValidLogin" time="38.076" errors="0" timestamp="08 Aug 2021 02:13:52 GMT" skipped="0">
  <testcase classname="script.ValidLogin" name="testValidLogin" time="8.986"/>
  <testcase classname="script.ValidLogin" name="testValidLogin" time="10.229"/>
  <testcase classname="script.ValidLogin" name="testValidLogin" time="11.018"/>
  <testcase classname="script.ValidLogin" name="testValidLogin" time="7.843"/>
</testsuite> <!-- script.ValidLogin -->
